[debug] [2024-06-01T13:47:05.526Z] ----------------------------------------------------------------------
[debug] [2024-06-01T13:47:05.528Z] Command:       /usr/local/share/nvm/versions/node/v20.13.1/bin/node /home/codespace/nvm/current/bin/firebase deploy
[debug] [2024-06-01T13:47:05.528Z] CLI Version:   13.10.2
[debug] [2024-06-01T13:47:05.529Z] Platform:      linux
[debug] [2024-06-01T13:47:05.529Z] Node Version:  v20.13.1
[debug] [2024-06-01T13:47:05.529Z] Time:          Sat Jun 01 2024 13:47:05 GMT+0000 (Coordinated Universal Time)
[debug] [2024-06-01T13:47:05.529Z] Env Overrides: GITHUB_API_URL
[debug] [2024-06-01T13:47:05.529Z] ----------------------------------------------------------------------
[debug] 
[debug] [2024-06-01T13:47:05.611Z] > command requires scopes: ["email","openid","https://www.googleapis.com/auth/cloudplatformprojects.readonly","https://www.googleapis.com/auth/firebase","https://www.googleapis.com/auth/cloud-platform"]
[debug] [2024-06-01T13:47:05.611Z] > authorizing via signed-in user (neerajrekwar817@gmail.com)
[debug] [2024-06-01T13:47:05.612Z] [iam] checking project reallythinks-nee for permissions ["datastore.indexes.create","datastore.indexes.delete","datastore.indexes.list","datastore.indexes.update","firebase.projects.get","firebasedatabase.instances.update","firebasehosting.sites.update"]
[debug] [2024-06-01T13:47:05.614Z] >>> [apiv2][query] POST https://cloudresourcemanager.googleapis.com/v1/projects/reallythinks-nee:testIamPermissions [none]
[debug] [2024-06-01T13:47:05.614Z] >>> [apiv2][(partial)header] POST https://cloudresourcemanager.googleapis.com/v1/projects/reallythinks-nee:testIamPermissions x-goog-quota-user=projects/reallythinks-nee
[debug] [2024-06-01T13:47:05.615Z] >>> [apiv2][body] POST https://cloudresourcemanager.googleapis.com/v1/projects/reallythinks-nee:testIamPermissions {"permissions":["datastore.indexes.create","datastore.indexes.delete","datastore.indexes.list","datastore.indexes.update","firebase.projects.get","firebasedatabase.instances.update","firebasehosting.sites.update"]}
[debug] [2024-06-01T13:47:07.087Z] <<< [apiv2][status] POST https://cloudresourcemanager.googleapis.com/v1/projects/reallythinks-nee:testIamPermissions 200
[debug] [2024-06-01T13:47:07.087Z] <<< [apiv2][body] POST https://cloudresourcemanager.googleapis.com/v1/projects/reallythinks-nee:testIamPermissions {"permissions":["datastore.indexes.create","datastore.indexes.delete","datastore.indexes.list","datastore.indexes.update","firebase.projects.get","firebasedatabase.instances.update","firebasehosting.sites.update"]}
[debug] [2024-06-01T13:47:07.088Z] >>> [apiv2][query] GET https://firebase.googleapis.com/v1beta1/projects/reallythinks-nee [none]
[debug] [2024-06-01T13:47:07.481Z] <<< [apiv2][status] GET https://firebase.googleapis.com/v1beta1/projects/reallythinks-nee 200
[debug] [2024-06-01T13:47:07.481Z] <<< [apiv2][body] GET https://firebase.googleapis.com/v1beta1/projects/reallythinks-nee {"projectId":"reallythinks-nee","projectNumber":"945571777715","displayName":"reallythinks","name":"projects/reallythinks-nee","resources":{"hostingSite":"reallythinks-nee","realtimeDatabaseInstance":"reallythinks-nee-default-rtdb"},"state":"ACTIVE","etag":"1_9f15deed-d722-4738-9c91-d15ad510cfe8"}
[debug] [2024-06-01T13:47:07.481Z] >>> [apiv2][query] GET https://firebase.googleapis.com/v1beta1/projects/reallythinks-nee [none]
[debug] [2024-06-01T13:47:07.793Z] <<< [apiv2][status] GET https://firebase.googleapis.com/v1beta1/projects/reallythinks-nee 200
[debug] [2024-06-01T13:47:07.793Z] <<< [apiv2][body] GET https://firebase.googleapis.com/v1beta1/projects/reallythinks-nee {"projectId":"reallythinks-nee","projectNumber":"945571777715","displayName":"reallythinks","name":"projects/reallythinks-nee","resources":{"hostingSite":"reallythinks-nee","realtimeDatabaseInstance":"reallythinks-nee-default-rtdb"},"state":"ACTIVE","etag":"1_9f15deed-d722-4738-9c91-d15ad510cfe8"}
[info] 
   Thank you for trying our early preview of Next.js support on Firebase Hosting.
   During the preview, support is best-effort and breaking changes can be expected. Proceed with caution.
   The integration is known to work with Next.js version 12 - 14.0. You may encounter errors.

   Documentation: https://firebase.google.com/docs/hosting/frameworks/nextjs
   File a bug: https://github.com/firebase/firebase-tools/issues/new?template=bug_report.md
   Submit a feature request: https://github.com/firebase/firebase-tools/issues/new?template=feature_request.md

   We'd love to learn from you. Express your interest in helping us shape the future of Firebase Hosting: https://goo.gle/41enW5X

[debug] [2024-06-01T13:47:11.926Z] >>> [apiv2][query] GET https://firebasehosting.googleapis.com/v1beta1/projects/reallythinks-nee/sites/reallythinks-nee [none]
[debug] [2024-06-01T13:47:13.078Z] <<< [apiv2][status] GET https://firebasehosting.googleapis.com/v1beta1/projects/reallythinks-nee/sites/reallythinks-nee 200
[debug] [2024-06-01T13:47:13.078Z] <<< [apiv2][body] GET https://firebasehosting.googleapis.com/v1beta1/projects/reallythinks-nee/sites/reallythinks-nee {"name":"projects/reallythinks-nee/sites/reallythinks-nee","defaultUrl":"https://reallythinks-nee.web.app","appId":"1:945571777715:web:4dadea28b5c2fdc6b034c6","type":"DEFAULT_SITE"}
[info]   ▲ Next.js 14.2.3

[info]   - Environments: .env.local, .env


[info]    Creating an optimized production build ...

[info] Failed to compile.

./emails/VerificationEmail.tsx
Module not found: Can't resolve '@react-email/components'

https://nextjs.org/docs/messages/module-not-found

Import trace for requested module:
./src/helpers/sendVerificationEmail.ts
./src/app/api/sign-up/route.ts

./src/app/api/sign-up/route.ts
Module not found: Can't resolve '@/bcrypt'

https://nextjs.org/docs/messages/module-not-found

./src/lib/resend.ts
Module not found: Can't resolve 'resend'
Did you mean './resend'?
Requests that should resolve in the current directory need to start with './'.
Requests that start with a name are treated as module requests and resolve within module directories (node_modules).
If changing the source code is not an option there is also a resolve options called 'preferRelative' which tries to resolve these kind of requests in the current directory too.

https://nextjs.org/docs/messages/module-not-found

Import trace for requested module:
./src/helpers/sendVerificationEmail.ts
./src/app/api/sign-up/route.ts

./src/model/user.ts
Error: 
  x the name `UserSchema` is defined multiple times
    ,-[/workspaces/reallythinks/src/model/user.ts:6:1]
  6 |     createdAt: Date
  7 | }
  8 | 
  9 | const UserSchema = new mongoose.Schema({
    :       ^^^^^|^^^^
    :            `-- previous definition of `UserSchema` here
 10 |     username: {
 11 |         type: String,
 12 |         required: [true, 'Please provide a username'],
 13 |         unique: true
 14 |     },
 15 |     email: {
 16 |         type: String,
 17 |         required: [true, 'Please provide a email'],
 18 |         unique: true
 19 |     },
 20 |     password: {
 21 |         type: String,
 22 |         required: [true, 'Please provide a password'],
 23 |         unique: true
 24 |     },
 25 |     isVerified: {
 26 |         type: Boolean,
 27 |         default: false
 28 |     },
 29 |     isAdmin: {
 30 |         type: Boolean,
 31 |         default: false
 32 |     },
 33 |     forgotPasswordTokenExpiry: String,
 34 |     forgotPasswordTokenExpiry: Date,
 35 |     verifyToken: String,
 36 |     verifyTokenExpiry: Date    
 37 | })
 38 | 
 39 | const User = mongoose.models.users || mongoose.model('users', userSchema)
 40 | export default User
 41 | 
 42 | const MessageSchema: Schema<Message> = new Schema({
 43 |     content: {
 44 |         type: String,
 45 |         required: true
 46 |     },
 47 |     createdAt: {
 48 |         type: Date,
 49 |         required: true,
 50 |         default: Date.now
 51 |     }
 52 | })
 53 | 
 54 | export interface User extends Document {
 55 |     username: string;
 56 |     email: string;
 57 |     password: string;
 58 |     verifyCode: string;
 59 |     verifyCodeExpiry: Date;
 60 |     isVerified: boolean;
 61 |     isAcceptingMessage: Boolean;
 62 |     messages: Message[]
 63 | }
 64 | 
 65 | const UserSchema: Schema<User> = new Schema({
    :       ^^^^^|^^^^
    :            `-- `UserSchema` redefined here
 66 |     username: {
 67 |         type: String,
 68 |         required: [true, "Username is required"],
    `----

  x the name `default` is exported multiple times
     ,-[/workspaces/reallythinks/src/model/user.ts:37:1]
  37 | })
  38 | 
  39 | const User = mongoose.models.users || mongoose.model('users', userSchema)
  40 | export default User
     : ^^^^^^^^^|^^^^^^^^^
     :          `-- previous exported here
  41 | 
  42 | const MessageSchema: Schema<Message> = new Schema({
  43 |     content: {
  44 |         type: String,
  45 |         required: true
  46 |     },
  47 |     createdAt: {
  48 |         type: Date,
  49 |         required: true,
  50 |         default: Date.now
  51 |     }
  52 | })
  53 | 
  54 | export interface User extends Document {
  55 |     username: string;
  56 |     email: string;
  57 |     password: string;
  58 |     verifyCode: string;
  59 |     verifyCodeExpiry: Date;
  60 |     isVerified: boolean;
  61 |     isAcceptingMessage: Boolean;
  62 |     messages: Message[]
  63 | }
  64 | 
  65 | const UserSchema: Schema<User> = new Schema({
  66 |     username: {
  67 |         type: String,
  68 |         required: [true, "Username is required"],
  69 |         trim: true,
  70 |         unique: true
  71 |     },
  72 |     email: {
  73 |         type: String,
  74 |         required: [true, "Username is required"],
  75 |         unique: true,
  76 |         match: [/[a-z0-9!#$%&'*+/=?^_`{|}~-]+(?:\.[a-z0-9!#$%&'*+/=?^_`{|}~-]+)*@(?:[a-z0-9](?:[a-z0-9-]*[a-z0-9])?\.)+[a-z0-9](?:[a-z0-9-]*[a-z0-9])?/g, 'please use a valid email address']
  77 |     },
  78 |     password: {
  79 |         type: String,
  80 |         required: [true, "Password is required"],
  81 |     },
  82 |     verifyCode: {
  83 |         type: String,
  84 |         required: [true, "Verify code is required"],
  85 |     },
  86 |     verifyCodeExpiry: {
  87 |         type: Date,
  88 |         required: [true, "verify Code Expiry is required"],
  89 |     },
  90 |     isVerified: {
  91 |         type: Boolean,
  92 |         default: false,
  93 |     },
  94 |     isAcceptingMessage: {
  95 |         type: Boolean,
  96 |         default: true,
  97 |     },
  98 |     messages: [MessageSchema]
  99 | })
 100 | 
 101 | const UserModel = (mongoose.models.User as mongoose.Model<User>) || mongoose.model<User>("User", UserSchema)
 102 | 
 103 | export default UserModel;
     : ^^^^^^^^^^^^|^^^^^^^^^^^^
     :             `-- exported more than once
     `----

Error: 
  > Exported identifiers must be unique

Import trace for requested module:
./src/model/user.ts
./src/app/api/check-username-unique/route.ts


[info] 

[info] > Build failed because of webpack errors

[debug] [2024-06-01T13:47:23.396Z] Error: ENOENT: no such file or directory, open '/workspaces/reallythinks/.next/server/middleware-manifest.json'
[error] 
[error] Error: An unexpected error has occurred.
[debug] [2024-06-01T13:50:47.752Z] ----------------------------------------------------------------------
[debug] [2024-06-01T13:50:47.754Z] Command:       /usr/local/share/nvm/versions/node/v20.13.1/bin/node /home/codespace/nvm/current/bin/firebase deploy
[debug] [2024-06-01T13:50:47.754Z] CLI Version:   13.10.2
[debug] [2024-06-01T13:50:47.755Z] Platform:      linux
[debug] [2024-06-01T13:50:47.755Z] Node Version:  v20.13.1
[debug] [2024-06-01T13:50:47.755Z] Time:          Sat Jun 01 2024 13:50:47 GMT+0000 (Coordinated Universal Time)
[debug] [2024-06-01T13:50:47.755Z] Env Overrides: GITHUB_API_URL
[debug] [2024-06-01T13:50:47.755Z] ----------------------------------------------------------------------
[debug] 
[debug] [2024-06-01T13:50:47.817Z] > command requires scopes: ["email","openid","https://www.googleapis.com/auth/cloudplatformprojects.readonly","https://www.googleapis.com/auth/firebase","https://www.googleapis.com/auth/cloud-platform"]
[debug] [2024-06-01T13:50:47.817Z] > authorizing via signed-in user (neerajrekwar817@gmail.com)
[debug] [2024-06-01T13:50:47.818Z] [iam] checking project reallythinks-nee for permissions ["datastore.indexes.create","datastore.indexes.delete","datastore.indexes.list","datastore.indexes.update","firebase.projects.get","firebasedatabase.instances.update","firebasehosting.sites.update"]
[debug] [2024-06-01T13:50:47.819Z] >>> [apiv2][query] POST https://cloudresourcemanager.googleapis.com/v1/projects/reallythinks-nee:testIamPermissions [none]
[debug] [2024-06-01T13:50:47.819Z] >>> [apiv2][(partial)header] POST https://cloudresourcemanager.googleapis.com/v1/projects/reallythinks-nee:testIamPermissions x-goog-quota-user=projects/reallythinks-nee
[debug] [2024-06-01T13:50:47.819Z] >>> [apiv2][body] POST https://cloudresourcemanager.googleapis.com/v1/projects/reallythinks-nee:testIamPermissions {"permissions":["datastore.indexes.create","datastore.indexes.delete","datastore.indexes.list","datastore.indexes.update","firebase.projects.get","firebasedatabase.instances.update","firebasehosting.sites.update"]}
[debug] [2024-06-01T13:50:49.314Z] <<< [apiv2][status] POST https://cloudresourcemanager.googleapis.com/v1/projects/reallythinks-nee:testIamPermissions 200
[debug] [2024-06-01T13:50:49.315Z] <<< [apiv2][body] POST https://cloudresourcemanager.googleapis.com/v1/projects/reallythinks-nee:testIamPermissions {"permissions":["datastore.indexes.create","datastore.indexes.delete","datastore.indexes.list","datastore.indexes.update","firebase.projects.get","firebasedatabase.instances.update","firebasehosting.sites.update"]}
[debug] [2024-06-01T13:50:49.315Z] >>> [apiv2][query] GET https://firebase.googleapis.com/v1beta1/projects/reallythinks-nee [none]
[debug] [2024-06-01T13:50:49.831Z] <<< [apiv2][status] GET https://firebase.googleapis.com/v1beta1/projects/reallythinks-nee 200
[debug] [2024-06-01T13:50:49.831Z] <<< [apiv2][body] GET https://firebase.googleapis.com/v1beta1/projects/reallythinks-nee {"projectId":"reallythinks-nee","projectNumber":"945571777715","displayName":"reallythinks","name":"projects/reallythinks-nee","resources":{"hostingSite":"reallythinks-nee","realtimeDatabaseInstance":"reallythinks-nee-default-rtdb"},"state":"ACTIVE","etag":"1_9f15deed-d722-4738-9c91-d15ad510cfe8"}
[debug] [2024-06-01T13:50:49.832Z] >>> [apiv2][query] GET https://firebase.googleapis.com/v1beta1/projects/reallythinks-nee [none]
[debug] [2024-06-01T13:50:50.378Z] <<< [apiv2][status] GET https://firebase.googleapis.com/v1beta1/projects/reallythinks-nee 200
[debug] [2024-06-01T13:50:50.378Z] <<< [apiv2][body] GET https://firebase.googleapis.com/v1beta1/projects/reallythinks-nee {"projectId":"reallythinks-nee","projectNumber":"945571777715","displayName":"reallythinks","name":"projects/reallythinks-nee","resources":{"hostingSite":"reallythinks-nee","realtimeDatabaseInstance":"reallythinks-nee-default-rtdb"},"state":"ACTIVE","etag":"1_9f15deed-d722-4738-9c91-d15ad510cfe8"}
[info] 
   Thank you for trying our early preview of Next.js support on Firebase Hosting.
   During the preview, support is best-effort and breaking changes can be expected. Proceed with caution.
   The integration is known to work with Next.js version 12 - 14.0. You may encounter errors.

   Documentation: https://firebase.google.com/docs/hosting/frameworks/nextjs
   File a bug: https://github.com/firebase/firebase-tools/issues/new?template=bug_report.md
   Submit a feature request: https://github.com/firebase/firebase-tools/issues/new?template=feature_request.md

   We'd love to learn from you. Express your interest in helping us shape the future of Firebase Hosting: https://goo.gle/41enW5X

[debug] [2024-06-01T13:50:54.589Z] >>> [apiv2][query] GET https://firebasehosting.googleapis.com/v1beta1/projects/reallythinks-nee/sites/reallythinks-nee [none]
[debug] [2024-06-01T13:50:55.677Z] <<< [apiv2][status] GET https://firebasehosting.googleapis.com/v1beta1/projects/reallythinks-nee/sites/reallythinks-nee 200
[debug] [2024-06-01T13:50:55.677Z] <<< [apiv2][body] GET https://firebasehosting.googleapis.com/v1beta1/projects/reallythinks-nee/sites/reallythinks-nee {"name":"projects/reallythinks-nee/sites/reallythinks-nee","defaultUrl":"https://reallythinks-nee.web.app","appId":"1:945571777715:web:4dadea28b5c2fdc6b034c6","type":"DEFAULT_SITE"}
[info]   ▲ Next.js 14.2.3

[info]   - Environments: .env.local, .env

[info] 

[info]    Creating an optimized production build ...

[info] Failed to compile.

./emails/VerificationEmail.tsx
Module not found: Can't resolve '@react-email/components'

https://nextjs.org/docs/messages/module-not-found

Import trace for requested module:
./src/helpers/sendVerificationEmail.ts
./src/app/api/sign-up/route.ts

./src/app/api/sign-up/route.ts
Module not found: Can't resolve '@/bcrypt'

https://nextjs.org/docs/messages/module-not-found

./src/lib/resend.ts
Module not found: Can't resolve 'resend'
Did you mean './resend'?
Requests that should resolve in the current directory need to start with './'.
Requests that start with a name are treated as module requests and resolve within module directories (node_modules).
If changing the source code is not an option there is also a resolve options called 'preferRelative' which tries to resolve these kind of requests in the current directory too.

https://nextjs.org/docs/messages/module-not-found

Import trace for requested module:
./src/helpers/sendVerificationEmail.ts
./src/app/api/sign-up/route.ts


[info] 

[info] > Build failed because of webpack errors

[debug] [2024-06-01T13:51:03.541Z] Error: ENOENT: no such file or directory, open '/workspaces/reallythinks/.next/server/middleware-manifest.json'
[error] 
[error] Error: An unexpected error has occurred.
[debug] [2024-06-01T13:51:27.320Z] ----------------------------------------------------------------------
[debug] [2024-06-01T13:51:27.322Z] Command:       /usr/local/share/nvm/versions/node/v20.13.1/bin/node /home/codespace/nvm/current/bin/firebase deploy
[debug] [2024-06-01T13:51:27.322Z] CLI Version:   13.10.2
[debug] [2024-06-01T13:51:27.322Z] Platform:      linux
[debug] [2024-06-01T13:51:27.323Z] Node Version:  v20.13.1
[debug] [2024-06-01T13:51:27.323Z] Time:          Sat Jun 01 2024 13:51:27 GMT+0000 (Coordinated Universal Time)
[debug] [2024-06-01T13:51:27.323Z] Env Overrides: GITHUB_API_URL
[debug] [2024-06-01T13:51:27.323Z] ----------------------------------------------------------------------
[debug] 
[debug] [2024-06-01T13:51:27.381Z] > command requires scopes: ["email","openid","https://www.googleapis.com/auth/cloudplatformprojects.readonly","https://www.googleapis.com/auth/firebase","https://www.googleapis.com/auth/cloud-platform"]
[debug] [2024-06-01T13:51:27.382Z] > authorizing via signed-in user (neerajrekwar817@gmail.com)
[debug] [2024-06-01T13:51:27.382Z] [iam] checking project reallythinks-nee for permissions ["datastore.indexes.create","datastore.indexes.delete","datastore.indexes.list","datastore.indexes.update","firebase.projects.get","firebasedatabase.instances.update","firebasehosting.sites.update"]
[debug] [2024-06-01T13:51:27.383Z] >>> [apiv2][query] POST https://cloudresourcemanager.googleapis.com/v1/projects/reallythinks-nee:testIamPermissions [none]
[debug] [2024-06-01T13:51:27.384Z] >>> [apiv2][(partial)header] POST https://cloudresourcemanager.googleapis.com/v1/projects/reallythinks-nee:testIamPermissions x-goog-quota-user=projects/reallythinks-nee
[debug] [2024-06-01T13:51:27.384Z] >>> [apiv2][body] POST https://cloudresourcemanager.googleapis.com/v1/projects/reallythinks-nee:testIamPermissions {"permissions":["datastore.indexes.create","datastore.indexes.delete","datastore.indexes.list","datastore.indexes.update","firebase.projects.get","firebasedatabase.instances.update","firebasehosting.sites.update"]}
[debug] [2024-06-01T13:51:27.764Z] <<< [apiv2][status] POST https://cloudresourcemanager.googleapis.com/v1/projects/reallythinks-nee:testIamPermissions 200
[debug] [2024-06-01T13:51:27.764Z] <<< [apiv2][body] POST https://cloudresourcemanager.googleapis.com/v1/projects/reallythinks-nee:testIamPermissions {"permissions":["datastore.indexes.create","datastore.indexes.delete","datastore.indexes.list","datastore.indexes.update","firebase.projects.get","firebasedatabase.instances.update","firebasehosting.sites.update"]}
[debug] [2024-06-01T13:51:27.765Z] >>> [apiv2][query] GET https://firebase.googleapis.com/v1beta1/projects/reallythinks-nee [none]
[debug] [2024-06-01T13:51:28.420Z] <<< [apiv2][status] GET https://firebase.googleapis.com/v1beta1/projects/reallythinks-nee 200
[debug] [2024-06-01T13:51:28.420Z] <<< [apiv2][body] GET https://firebase.googleapis.com/v1beta1/projects/reallythinks-nee {"projectId":"reallythinks-nee","projectNumber":"945571777715","displayName":"reallythinks","name":"projects/reallythinks-nee","resources":{"hostingSite":"reallythinks-nee","realtimeDatabaseInstance":"reallythinks-nee-default-rtdb"},"state":"ACTIVE","etag":"1_9f15deed-d722-4738-9c91-d15ad510cfe8"}
[debug] [2024-06-01T13:51:28.421Z] >>> [apiv2][query] GET https://firebase.googleapis.com/v1beta1/projects/reallythinks-nee [none]
[debug] [2024-06-01T13:51:29.013Z] <<< [apiv2][status] GET https://firebase.googleapis.com/v1beta1/projects/reallythinks-nee 200
[debug] [2024-06-01T13:51:29.014Z] <<< [apiv2][body] GET https://firebase.googleapis.com/v1beta1/projects/reallythinks-nee {"projectId":"reallythinks-nee","projectNumber":"945571777715","displayName":"reallythinks","name":"projects/reallythinks-nee","resources":{"hostingSite":"reallythinks-nee","realtimeDatabaseInstance":"reallythinks-nee-default-rtdb"},"state":"ACTIVE","etag":"1_9f15deed-d722-4738-9c91-d15ad510cfe8"}
[info] 
   Thank you for trying our early preview of Next.js support on Firebase Hosting.
   During the preview, support is best-effort and breaking changes can be expected. Proceed with caution.
   The integration is known to work with Next.js version 12 - 14.0. You may encounter errors.

   Documentation: https://firebase.google.com/docs/hosting/frameworks/nextjs
   File a bug: https://github.com/firebase/firebase-tools/issues/new?template=bug_report.md
   Submit a feature request: https://github.com/firebase/firebase-tools/issues/new?template=feature_request.md

   We'd love to learn from you. Express your interest in helping us shape the future of Firebase Hosting: https://goo.gle/41enW5X

[debug] [2024-06-01T13:51:33.516Z] >>> [apiv2][query] GET https://firebasehosting.googleapis.com/v1beta1/projects/reallythinks-nee/sites/reallythinks-nee [none]
[debug] [2024-06-01T13:51:34.615Z] <<< [apiv2][status] GET https://firebasehosting.googleapis.com/v1beta1/projects/reallythinks-nee/sites/reallythinks-nee 200
[debug] [2024-06-01T13:51:34.615Z] <<< [apiv2][body] GET https://firebasehosting.googleapis.com/v1beta1/projects/reallythinks-nee/sites/reallythinks-nee {"name":"projects/reallythinks-nee/sites/reallythinks-nee","defaultUrl":"https://reallythinks-nee.web.app","appId":"1:945571777715:web:4dadea28b5c2fdc6b034c6","type":"DEFAULT_SITE"}
[info]   ▲ Next.js 14.2.3

[info]   - Environments: .env.local, .env


[info]    Creating an optimized production build ...

[info] Failed to compile.


[info] ./emails/VerificationEmail.tsx
Module not found: Can't resolve '@react-email/components'

https://nextjs.org/docs/messages/module-not-found

Import trace for requested module:
./src/helpers/sendVerificationEmail.ts
./src/app/api/sign-up/route.ts

./src/app/api/sign-up/route.ts
Module not found: Can't resolve '@/bcrypt'

https://nextjs.org/docs/messages/module-not-found

./src/lib/resend.ts
Module not found: Can't resolve 'resend'
Did you mean './resend'?
Requests that should resolve in the current directory need to start with './'.
Requests that start with a name are treated as module requests and resolve within module directories (node_modules).
If changing the source code is not an option there is also a resolve options called 'preferRelative' which tries to resolve these kind of requests in the current directory too.

https://nextjs.org/docs/messages/module-not-found

Import trace for requested module:
./src/helpers/sendVerificationEmail.ts
./src/app/api/sign-up/route.ts

[info] 

[info] 

[info] > Build failed because of webpack errors

[debug] [2024-06-01T13:51:40.541Z] Error: ENOENT: no such file or directory, open '/workspaces/reallythinks/.next/server/middleware-manifest.json'
[error] 
[error] Error: An unexpected error has occurred.
[debug] [2024-06-01T14:17:08.756Z] ----------------------------------------------------------------------
[debug] [2024-06-01T14:17:08.757Z] Command:       /usr/local/share/nvm/versions/node/v20.13.1/bin/node /home/codespace/nvm/current/bin/firebase deploy
[debug] [2024-06-01T14:17:08.758Z] CLI Version:   13.10.2
[debug] [2024-06-01T14:17:08.758Z] Platform:      linux
[debug] [2024-06-01T14:17:08.758Z] Node Version:  v20.13.1
[debug] [2024-06-01T14:17:08.758Z] Time:          Sat Jun 01 2024 14:17:08 GMT+0000 (Coordinated Universal Time)
[debug] [2024-06-01T14:17:08.758Z] Env Overrides: GITHUB_API_URL
[debug] [2024-06-01T14:17:08.758Z] ----------------------------------------------------------------------
[debug] 
[debug] [2024-06-01T14:17:08.833Z] > command requires scopes: ["email","openid","https://www.googleapis.com/auth/cloudplatformprojects.readonly","https://www.googleapis.com/auth/firebase","https://www.googleapis.com/auth/cloud-platform"]
[debug] [2024-06-01T14:17:08.833Z] > authorizing via signed-in user (neerajrekwar817@gmail.com)
[debug] [2024-06-01T14:17:08.834Z] [iam] checking project reallythinks-nee for permissions ["datastore.indexes.create","datastore.indexes.delete","datastore.indexes.list","datastore.indexes.update","firebase.projects.get","firebasedatabase.instances.update","firebasehosting.sites.update"]
[debug] [2024-06-01T14:17:08.836Z] >>> [apiv2][query] POST https://cloudresourcemanager.googleapis.com/v1/projects/reallythinks-nee:testIamPermissions [none]
[debug] [2024-06-01T14:17:08.836Z] >>> [apiv2][(partial)header] POST https://cloudresourcemanager.googleapis.com/v1/projects/reallythinks-nee:testIamPermissions x-goog-quota-user=projects/reallythinks-nee
[debug] [2024-06-01T14:17:08.836Z] >>> [apiv2][body] POST https://cloudresourcemanager.googleapis.com/v1/projects/reallythinks-nee:testIamPermissions {"permissions":["datastore.indexes.create","datastore.indexes.delete","datastore.indexes.list","datastore.indexes.update","firebase.projects.get","firebasedatabase.instances.update","firebasehosting.sites.update"]}
[debug] [2024-06-01T14:17:10.612Z] <<< [apiv2][status] POST https://cloudresourcemanager.googleapis.com/v1/projects/reallythinks-nee:testIamPermissions 200
[debug] [2024-06-01T14:17:10.613Z] <<< [apiv2][body] POST https://cloudresourcemanager.googleapis.com/v1/projects/reallythinks-nee:testIamPermissions {"permissions":["datastore.indexes.create","datastore.indexes.delete","datastore.indexes.list","datastore.indexes.update","firebase.projects.get","firebasedatabase.instances.update","firebasehosting.sites.update"]}
[debug] [2024-06-01T14:17:10.613Z] >>> [apiv2][query] GET https://firebase.googleapis.com/v1beta1/projects/reallythinks-nee [none]
[debug] [2024-06-01T14:17:11.121Z] <<< [apiv2][status] GET https://firebase.googleapis.com/v1beta1/projects/reallythinks-nee 200
[debug] [2024-06-01T14:17:11.122Z] <<< [apiv2][body] GET https://firebase.googleapis.com/v1beta1/projects/reallythinks-nee {"projectId":"reallythinks-nee","projectNumber":"945571777715","displayName":"reallythinks","name":"projects/reallythinks-nee","resources":{"hostingSite":"reallythinks-nee","realtimeDatabaseInstance":"reallythinks-nee-default-rtdb"},"state":"ACTIVE","etag":"1_9f15deed-d722-4738-9c91-d15ad510cfe8"}
[debug] [2024-06-01T14:17:11.123Z] >>> [apiv2][query] GET https://firebase.googleapis.com/v1beta1/projects/reallythinks-nee [none]
[debug] [2024-06-01T14:17:11.731Z] <<< [apiv2][status] GET https://firebase.googleapis.com/v1beta1/projects/reallythinks-nee 200
[debug] [2024-06-01T14:17:11.731Z] <<< [apiv2][body] GET https://firebase.googleapis.com/v1beta1/projects/reallythinks-nee {"projectId":"reallythinks-nee","projectNumber":"945571777715","displayName":"reallythinks","name":"projects/reallythinks-nee","resources":{"hostingSite":"reallythinks-nee","realtimeDatabaseInstance":"reallythinks-nee-default-rtdb"},"state":"ACTIVE","etag":"1_9f15deed-d722-4738-9c91-d15ad510cfe8"}
[info] 
   Thank you for trying our early preview of Next.js support on Firebase Hosting.
   During the preview, support is best-effort and breaking changes can be expected. Proceed with caution.
   The integration is known to work with Next.js version 12 - 14.0. You may encounter errors.

   Documentation: https://firebase.google.com/docs/hosting/frameworks/nextjs
   File a bug: https://github.com/firebase/firebase-tools/issues/new?template=bug_report.md
   Submit a feature request: https://github.com/firebase/firebase-tools/issues/new?template=feature_request.md

   We'd love to learn from you. Express your interest in helping us shape the future of Firebase Hosting: https://goo.gle/41enW5X

[debug] [2024-06-01T14:17:16.018Z] >>> [apiv2][query] GET https://firebasehosting.googleapis.com/v1beta1/projects/reallythinks-nee/sites/reallythinks-nee [none]
[debug] [2024-06-01T14:17:17.147Z] <<< [apiv2][status] GET https://firebasehosting.googleapis.com/v1beta1/projects/reallythinks-nee/sites/reallythinks-nee 200
[debug] [2024-06-01T14:17:17.148Z] <<< [apiv2][body] GET https://firebasehosting.googleapis.com/v1beta1/projects/reallythinks-nee/sites/reallythinks-nee {"name":"projects/reallythinks-nee/sites/reallythinks-nee","defaultUrl":"https://reallythinks-nee.web.app","appId":"1:945571777715:web:4dadea28b5c2fdc6b034c6","type":"DEFAULT_SITE"}
[info]   ▲ Next.js 14.2.3

[info]   - Environments: .env.local, .env


[info]    Creating an optimized production build ...

[info] Failed to compile.

./emails/VerificationEmail.tsx
Module not found: Can't resolve '@react-email/components'

https://nextjs.org/docs/messages/module-not-found

Import trace for requested module:
./src/helpers/sendVerificationEmail.ts
./src/app/api/sign-up/route.ts

./src/app/api/sign-up/route.ts
Module not found: Can't resolve '@/bcrypt'

https://nextjs.org/docs/messages/module-not-found

./src/lib/resend.ts
Module not found: Can't resolve 'resend'
Did you mean './resend'?
Requests that should resolve in the current directory need to start with './'.
Requests that start with a name are treated as module requests and resolve within module directories (node_modules).
If changing the source code is not an option there is also a resolve options called 'preferRelative' which tries to resolve these kind of requests in the current directory too.

https://nextjs.org/docs/messages/module-not-found

Import trace for requested module:
./src/helpers/sendVerificationEmail.ts
./src/app/api/sign-up/route.ts

[info] 

[info] 
> Build failed because of webpack errors

[debug] [2024-06-01T14:17:24.355Z] Error: ENOENT: no such file or directory, open '/workspaces/reallythinks/.next/server/middleware-manifest.json'
[error] 
[error] Error: An unexpected error has occurred.
